<?xml version="1.0" encoding="UTF-8"?>
<!-- Generated by org.testng.reporters.JUnitReportReporter -->
<testsuite hostname="DESKTOP-IVGOSS9" failures="0" tests="1" name="Test.LoginTest" time="12.993" errors="0" timestamp="2025-06-30T18:48:28 IST" skipped="0">
  <testcase classname="Test.LoginTest" name="validLoginTest" time="12.993"/>
</testsuite> <!-- Test.LoginTest -->
