<?xml version="1.0" encoding="UTF-8"?>
<!-- Generated by org.testng.reporters.JUnitReportReporter -->
<testsuite hostname="DESKTOP-45N7RBV" failures="0" tests="1" name="test.LoginTest" time="170.886" errors="0" timestamp="2025-07-17T14:09:21 IST" skipped="0">
  <testcase classname="test.LoginTest" name="SignInDetail" time="170.886"/>
</testsuite> <!-- test.LoginTest -->
