<?xml version="1.0" encoding="UTF-8"?>
<!-- Generated by org.testng.reporters.JUnitReportReporter -->
<testsuite hostname="DESKTOP-45N7RBV" failures="0" tests="1" name="test.TutorialTest" time="153.978" errors="0" timestamp="2025-07-17T15:27:27 IST" skipped="0">
  <testcase classname="test.TutorialTest" name="getTutorial" time="153.978"/>
</testsuite> <!-- test.TutorialTest -->
