<?xml version="1.0" encoding="UTF-8"?>
<!-- Generated by org.testng.reporters.JUnitReportReporter -->
<testsuite hostname="DESKTOP-IVGOSS9" failures="0" tests="1" name="Test.LoginTest" time="7.515" errors="0" timestamp="2025-06-30T17:50:03 IST" skipped="0">
  <testcase classname="Test.LoginTest" name="validLoginTest" time="7.515"/>
</testsuite> <!-- Test.LoginTest -->
